build/app/outputs/mapping/release/seeds.txt
androidx.window.layout.ExtensionWindowLayoutInfoBackend$MulticastConsumer: ExtensionWindowLayoutInfoBackend$MulticastConsumer(android.app.Activity)
io.flutter.embedding.engine.FlutterJNI: android.graphics.Bitmap nativeGetBitmap(long)
androidx.window.java.layout.WindowInfoTrackerCallbackAdapter$addListener$1$1$invokeSuspend$$inlined$collect$1: java.lang.Object emit(java.lang.Object,kotlin.coroutines.Continuation)
io.flutter.embedding.engine.systemchannels.TextInputChannel$TextCapitalization: io.flutter.embedding.engine.systemchannels.TextInputChannel$TextCapitalization valueOf(java.lang.String)
androidx.window.layout.FoldingFeature: androidx.window.layout.FoldingFeature$State getState()
io.flutter.embedding.engine.renderer.FlutterRenderer$DisplayFeatureType: io.flutter.embedding.engine.renderer.FlutterRenderer$DisplayFeatureType[] values()
io.flutter.embedding.engine.renderer.FlutterRenderer$DisplayFeatureState: io.flutter.embedding.engine.renderer.FlutterRenderer$DisplayFeatureState valueOf(java.lang.String)
io.flutter.plugin.editing.ImeSyncDeferringInsetsCallback: int access$500(io.flutter.plugin.editing.ImeSyncDeferringInsetsCallback)
io.flutter.embedding.engine.systemchannels.PlatformChannel$SystemUiOverlay: io.flutter.embedding.engine.systemchannels.PlatformChannel$SystemUiOverlay[] values()
kotlinx.coroutines.channels.BufferOverflow: kotlinx.coroutines.channels.BufferOverflow[] values()
androidx.window.core.Version$Companion: androidx.window.core.Version parse(java.lang.String)
androidx.window.embedding.SplitPairRule: SplitPairRule(java.util.Set,boolean,boolean,boolean,int,int,float,int,int,kotlin.jvm.internal.DefaultConstructorMarker)
kotlin.jvm.internal.CallableReference: java.lang.Object call(java.lang.Object[])
io.flutter.embedding.engine.FlutterJNI: void setPlatformMessageHandler(io.flutter.embedding.engine.dart.PlatformMessageHandler)
androidx.window.layout.SidecarWindowBackend$WindowLayoutChangeCallbackWrapper: androidx.window.layout.WindowLayoutInfo getLastInfo()
androidx.window.layout.SidecarCompat$TranslatingCallback: void onDeviceStateChanged(androidx.window.sidecar.SidecarDeviceState)
io.flutter.embedding.android.FlutterSplashView$SavedState: FlutterSplashView$SavedState(android.os.Parcelable)
io.flutter.embedding.engine.mutatorsstack.FlutterMutatorView: android.graphics.Matrix getPlatformViewMatrix()
androidx.window.layout.SidecarCompat: androidx.window.sidecar.SidecarInterface getSidecar()
androidx.window.layout.WindowMetricsCalculator$-CC: androidx.window.layout.WindowMetricsCalculator getOrCreate()
io.flutter.plugin.editing.ImeSyncDeferringInsetsCallback: void install()
kotlin.jvm.internal.FunctionReference: int hashCode()
androidx.window.embedding.ExtensionEmbeddingBackend: void registerRule(androidx.window.embedding.EmbeddingRule)
androidx.window.embedding.EmbeddingCompat: EmbeddingCompat()
io.flutter.plugin.editing.ImeSyncDeferringInsetsCallback: boolean access$200(io.flutter.plugin.editing.ImeSyncDeferringInsetsCallback)
androidx.window.R$id: R$id()
androidx.window.layout.HardwareFoldingFeature$Type$Companion: HardwareFoldingFeature$Type$Companion(kotlin.jvm.internal.DefaultConstructorMarker)
androidx.window.embedding.ActivityFilter: boolean equals(java.lang.Object)
androidx.window.embedding.SplitPairFilter: boolean equals(java.lang.Object)
io.flutter.embedding.engine.systemchannels.PlatformChannel$ClipboardContentFormat: io.flutter.embedding.engine.systemchannels.PlatformChannel$ClipboardContentFormat valueOf(java.lang.String)
androidx.window.layout.ExtensionWindowLayoutInfoBackend$MulticastConsumer: void accept(androidx.window.extensions.layout.WindowLayoutInfo)
io.flutter.embedding.engine.renderer.SurfaceTextureWrapper: void getTransformMatrix(float[])
androidx.window.layout.ExtensionInterfaceCompat: void onWindowLayoutChangeListenerRemoved(android.app.Activity)
androidx.core.graphics.drawable.IconCompat: IconCompat()
kotlin.jvm.internal.CallableReference: kotlin.reflect.KCallable compute()