build/app/outputs/mapping/release/mapping.txt
# compiler: R8
# compiler_version: 3.1.66
# min_api: 18
# pg_map_id: 9ac5916
# common_typos_disable
# {"id":"com.android.tools.r8.mapping","version":"1.0"}
...
io.flutter.embedding.engine.FlutterEngineConnectionRegistry$DefaultFlutterAssets -> io.flutter.embedding.engine.c$b:
    io.flutter.embedding.engine.loader.FlutterLoader flutterLoader -> a
io.flutter.embedding.engine.FlutterEngineConnectionRegistry$FlutterEngineActivityPluginBinding -> io.flutter.embedding.engine.c$c:
    java.util.Set onSaveInstanceStateListeners -> g
    java.util.Set onRequestPermissionsResultListeners -> c
    java.util.Set onActivityResultListeners -> d
    java.util.Set onNewIntentListeners -> e
    java.util.Set onUserLeaveHintListeners -> f
    io.flutter.embedding.engine.plugins.lifecycle.HiddenLifecycleReference hiddenLifecycleReference -> b
    android.app.Activity activity -> a
    boolean onActivityResult(int,int,android.content.Intent) -> a
    void onNewIntent(android.content.Intent) -> b
    boolean onRequestPermissionsResult(int,java.lang.String[],int[]) -> c
    void onRestoreInstanceState(android.os.Bundle) -> d
    void onSaveInstanceState(android.os.Bundle) -> e
    void onUserLeaveHint() -> f
io.flutter.embedding.engine.FlutterEngineConnectionRegistry$FlutterEngineBroadcastReceiverPluginBinding -> io.flutter.embedding.engine.c$d:
io.flutter.embedding.engine.FlutterEngineConnectionRegistry$FlutterEngineContentProviderPluginBinding -> io.flutter.embedding.engine.c$e:
io.flutter.embedding.engine.FlutterEngineConnectionRegistry$FlutterEngineServicePluginBinding -> io.flutter.embedding.engine.c$f:
io.flutter.embedding.engine.FlutterJNI -> io.flutter.embedding.engine.FlutterJNI:
    void $r8$lambda$2fUF03zsar2dpLbGJv6IUmJU-0A(long,android.graphics.ImageDecoder,android.graphics.ImageDecoder$ImageInfo,android.graphics.ImageDecoder$Source) -> a
      # {"id":"com.android.tools.r8.synthesized"}
io.flutter.embedding.engine.FlutterJNI$$ExternalSyntheticLambda0 -> io.flutter.embedding.engine.d:
# {"id":"sourceFile","fileName":"R8$$SyntheticClass"}
# {"id":"com.android.tools.r8.synthesized"}
    long io.flutter.embedding.engine.FlutterJNI$$InternalSyntheticLambda$0$18848107bca3f6045108bf4e1d2a0f98a8cd8ce559131239685b36e1c4a4684e$0.f$0 -> a
    void io.flutter.embedding.engine.FlutterJNI$$InternalSyntheticLambda$0$18848107bca3f6045108bf4e1d2a0f98a8cd8ce559131239685b36e1c4a4684e$0.<init>(long) -> <init>
      # {"id":"com.android.tools.r8.synthesized"}
    void io.flutter.embedding.engine.FlutterJNI$$InternalSyntheticLambda$0$18848107bca3f6045108bf4e1d2a0f98a8cd8ce559131239685b36e1c4a4684e$0.onHeaderDecoded(android.graphics.ImageDecoder,android.graphics.ImageDecoder$ImageInfo,android.graphics.ImageDecoder$Source) -> onHeaderDecoded
      # {"id":"com.android.tools.r8.synthesized"}
io.flutter.embedding.engine.FlutterJNI$AccessibilityDelegate -> io.flutter.embedding.engine.FlutterJNI$a:
    void updateSemantics(java.nio.ByteBuffer,java.lang.String[],java.nio.ByteBuffer[]) -> a
    void updateCustomAccessibilityActions(java.nio.ByteBuffer,java.lang.String[]) -> b
io.flutter.embedding.engine.FlutterJNI$AsyncWaitForVsyncDelegate -> io.flutter.embedding.engine.FlutterJNI$b:
    void asyncWaitForVsync(long) -> a
io.flutter.embedding.engine.FlutterJNI$Factory -> io.flutter.embedding.engine.FlutterJNI$c:
    io.flutter.embedding.engine.FlutterJNI provideFlutterJNI() -> a
io.flutter.embedding.engine.FlutterShellArgs -> io.flutter.embedding.engine.e:
    java.util.Set args -> a
    io.flutter.embedding.engine.FlutterShellArgs fromIntent(android.content.Intent) -> a
    java.lang.String[] toArray() -> b